<?xml version="1.0" encoding="UTF-8"?>
<!-- Generated by org.testng.reporters.JUnitReportReporter -->
<testsuite hostname="LAPTOP-0RFQLPJ3" failures="0" tests="1" name="orangehrm.AddEmployeeDetails" time="6.811" errors="0" timestamp="2024-08-29T23:13:11 IST" skipped="0">
  <testcase classname="orangehrm.AddEmployeeDetails" name="add" time="6.811"/>
  <system-out/>
</testsuite> <!-- orangehrm.AddEmployeeDetails -->
