<?xml version="1.0" encoding="UTF-8"?>
<!-- Generated by org.testng.reporters.JUnitReportReporter -->
<testsuite hostname="LAPTOP-0RFQLPJ3" failures="0" tests="1" name="orangehrm.Pim" time="49.272" errors="0" timestamp="2024-08-29T23:13:11 IST" skipped="0">
  <testcase classname="orangehrm.Pim" name="clickPim" time="49.272"/>
  <system-out/>
</testsuite> <!-- orangehrm.Pim -->
