<?xml version="1.0" encoding="UTF-8"?>
<!-- Generated by org.testng.reporters.JUnitReportReporter -->
<testsuite hostname="LAPTOP-0RFQLPJ3" failures="0" tests="2" name="orangehrm.Login" time="29.125" errors="0" timestamp="2024-08-29T23:13:11 IST" skipped="0">
  <testcase classname="orangehrm.Login" name="launch" time="15.922"/>
  <system-out/>
  <testcase classname="orangehrm.Login" name="login" time="13.203"/>
  <system-out/>
</testsuite> <!-- orangehrm.Login -->
